app/build/intermediates/manifest_merge_blame_file/debug/manifest-merger-blame-debug-report.txt
1<?xml version="1.0" encoding="utf-8"?>
2<manifest xmlns:android="http://schemas.android.com/apk/res/android"
3    package="com.example.demo1"
4    android:versionCode="1"
5    android:versionName="1.0" >
6
7    <uses-sdk
8        android:minSdkVersion="16"
8-->src\main\AndroidManifest.xml
9        android:targetSdkVersion="30" />
9-->src\main\AndroidManifest.xml
10
11    <application
11-->src\main\AndroidManifest.xml:5:5-32:19
12        android:allowBackup="true"
12-->src\main\AndroidManifest.xml:6:9-35
13        android:appComponentFactory="androidx.core.app.CoreComponentFactory"
13-->[androidx.core:core:1.3.1] AndroidManifest.xml:24:18-86
14        android:debuggable="true"
15        android:icon="@mipmap/ic_launcher"
15-->src\main\AndroidManifest.xml:7:9-43
16        android:label="@string/app_name"
16-->src\main\AndroidManifest.xml:8:9-41
17        android:roundIcon="@mipmap/ic_launcher_round"
17-->src\main\AndroidManifest.xml:9:9-54
18        android:supportsRtl="true"
18-->src\main\AndroidManifest.xml:10:9-35
19        android:testOnly="true"
20        android:theme="@style/AppTheme" >
20-->src\main\AndroidManifest.xml:11:9-40
21        <activity
21-->src\main\AndroidManifest.xml:12:9-14:60
22            android:name="com.example.demo1.Controller.LoginRegistration.LoginActivity"
22-->src\main\AndroidManifest.xml:13:13-71
23            android:label="@string/title_activity_login" />
23-->src\main\AndroidManifest.xml:14:13-57
24        <activity android:name="com.example.demo1.Controller.LoginRegistration.HomeActivity" />
24-->src\main\AndroidManifest.xml:15:9-79
24-->src\main\AndroidManifest.xml:15:19-76
25        <activity android:name="com.example.demo1.Controller.LoginRegistration.ResetPassActivity" />
25-->src\main\AndroidManifest.xml:16:9-84
25-->src\main\AndroidManifest.xml:16:19-81
26        <activity android:name="com.example.demo1.Controller.LoginRegistration.RegistrationActivity" />
26-->src\main\AndroidManifest.xml:17:9-87
26-->src\main\AndroidManifest.xml:17:19-84
27        <activity android:name="com.example.demo1.Controller.LoginRegistration.SplashScreen" >
27-->src\main\AndroidManifest.xml:18:9-24:20
27-->src\main\AndroidManifest.xml:18:19-76
28            <intent-filter>
28-->src\main\AndroidManifest.xml:19:13-23:29
29                <action android:name="android.intent.action.MAIN" />
29-->src\main\AndroidManifest.xml:20:17-69
29-->src\main\AndroidManifest.xml:20:25-66
30
31                <category android:name="android.intent.category.LAUNCHER" />
31-->src\main\AndroidManifest.xml:22:17-77
31-->src\main\AndroidManifest.xml:22:27-74
32            </intent-filter>
33        </activity>
34        <activity android:name="com.example.demo1.Controller.LoginRegistration.MainActivity" >
34-->src\main\AndroidManifest.xml:25:9-31:20
34-->src\main\AndroidManifest.xml:25:19-76
35            <intent-filter>
35-->src\main\AndroidManifest.xml:26:13-30:29
36                <action android:name="android.intent.action.MAIN" />
36-->src\main\AndroidManifest.xml:20:17-69
36-->src\main\AndroidManifest.xml:20:25-66
37
38                <category android:name="android.intent.category.DEFAULT" />
38-->src\main\AndroidManifest.xml:29:17-76
38-->src\main\AndroidManifest.xml:29:27-73
39            </intent-filter>
40        </activity>
41
42        <provider
42-->[androidx.lifecycle:lifecycle-process:2.2.0] AndroidManifest.xml:25:9-29:43
43            android:name="androidx.lifecycle.ProcessLifecycleOwnerInitializer"
43-->[androidx.lifecycle:lifecycle-process:2.2.0] AndroidManifest.xml:26:13-79
44            android:authorities="com.example.demo1.lifecycle-process"
44-->[androidx.lifecycle:lifecycle-process:2.2.0] AndroidManifest.xml:27:13-69
45            android:exported="false"
45-->[androidx.lifecycle:lifecycle-process:2.2.0] AndroidManifest.xml:28:13-37
46            android:multiprocess="true" />
46-->[androidx.lifecycle:lifecycle-process:2.2.0] AndroidManifest.xml:29:13-40
47    </application>
48
49</manifest>